create train for public_vs_private
loading : B_1_last of Basic_Stat
loading : B_2_last of Basic_Stat
loading : B_3_last of Basic_Stat
loading : B_1_max of Basic_Stat
loading : B_2_max of Basic_Stat
loading : B_3_max of Basic_Stat
loading : B_29_min of Basic_Stat
loading : B_29_max of Basic_Stat
loading : B_29_mean of Basic_Stat
loading : B_29_median of Basic_Stat
loading : B_29_std of Basic_Stat
loading : B_1_max_100days of Period_Basic_Stat
loading : B_2_max_100days of Period_Basic_Stat
loading : B_3_max_100days of Period_Basic_Stat
loading : B_4_max_100days of Period_Basic_Stat
dataframe_info:  924621 rows, 15 features
create target for public_vs_private
loading test_data.ftr ...
done!!
drop drift feature : B_29_std
next using features : ['B_1_last', 'B_2_last', 'B_3_last', 'B_1_max', 'B_2_max', 'B_3_max', 'B_29_min', 'B_29_max', 'B_29_mean', 'B_29_median', 'B_1_max_100days', 'B_2_max_100days', 'B_3_max_100days', 'B_4_max_100days']
OOF Score: 0.99331
drop drift feature : B_29_min
next using features : ['B_1_last', 'B_2_last', 'B_3_last', 'B_1_max', 'B_2_max', 'B_3_max', 'B_29_max', 'B_29_mean', 'B_29_median', 'B_1_max_100days', 'B_2_max_100days', 'B_3_max_100days', 'B_4_max_100days']
OOF Score: 0.98716
drop drift feature : B_29_max
next using features : ['B_1_last', 'B_2_last', 'B_3_last', 'B_1_max', 'B_2_max', 'B_3_max', 'B_29_mean', 'B_29_median', 'B_1_max_100days', 'B_2_max_100days', 'B_3_max_100days', 'B_4_max_100days']
OOF Score: 0.98595
drop drift feature : B_29_mean
next using features : ['B_1_last', 'B_2_last', 'B_3_last', 'B_1_max', 'B_2_max', 'B_3_max', 'B_29_median', 'B_1_max_100days', 'B_2_max_100days', 'B_3_max_100days', 'B_4_max_100days']
OOF Score: 0.98118
drop drift feature : B_29_median
next using features : ['B_1_last', 'B_2_last', 'B_3_last', 'B_1_max', 'B_2_max', 'B_3_max', 'B_1_max_100days', 'B_2_max_100days', 'B_3_max_100days', 'B_4_max_100days']
OOF Score: 0.97895
