dataframe_info:  458913 rows, 3935 features
[ TRAINING PARAMS ]
==============================
objective : binary
metric : binary_logloss
boosting : dart
seed : 42
num_leaves : 100
learning_rate : 0.01
feature_fraction : 0.2
bagging_freq : 10
bagging_fraction : 0.5
n_jobs : -1
lambda_l2 : 2
min_data_in_leaf' : 40
n_estimators : 10000
==============================
==============================
OOFs Info
threshold 0.9  True:43829 False:415084
threshold 0.8  True:68141 False:390772
threshold 0.7  True:87151 False:371762
threshold 0.6  True:103183 False:355730
threshold 0.5  True:118012 False:340901
==============================
OOF Score: 0.79798
successfully saved feature names
