loading : B_1_last of Basic_Stat
loading : B_2_last of Basic_Stat
loading : B_3_last of Basic_Stat
loading : B_1_max of Basic_Stat
loading : B_2_max of Basic_Stat
loading : B_3_max of Basic_Stat
loading : B_1_max_100days of Period_Basic_Stat
loading : B_2_max_100days of Period_Basic_Stat
loading : B_3_max_100days of Period_Basic_Stat
loading : B_4_max_100days of Period_Basic_Stat
dataframe_info:  458913 rows, 10 features
loading : B_1_last of Basic_Stat
loading : B_2_last of Basic_Stat
loading : B_3_last of Basic_Stat
loading : B_1_max of Basic_Stat
loading : B_2_max of Basic_Stat
loading : B_3_max of Basic_Stat
loading : B_1_max_100days of Period_Basic_Stat
loading : B_2_max_100days of Period_Basic_Stat
loading : B_3_max_100days of Period_Basic_Stat
loading : B_4_max_100days of Period_Basic_Stat
dataframe_info:  458913 rows, 10 features
loading : B_1_last of Basic_Stat
loading : B_2_last of Basic_Stat
loading : B_3_last of Basic_Stat
loading : B_1_max of Basic_Stat
loading : B_2_max of Basic_Stat
loading : B_3_max of Basic_Stat
loading : B_1_max_100days of Period_Basic_Stat
loading : B_2_max_100days of Period_Basic_Stat
loading : B_3_max_100days of Period_Basic_Stat
loading : B_4_max_100days of Period_Basic_Stat
dataframe_info:  458913 rows, 10 features
OOF Score: 0.61106
successfully saved feature names
loading : B_1_last of Basic_Stat
loading : B_2_last of Basic_Stat
loading : B_3_last of Basic_Stat
loading : B_1_max of Basic_Stat
loading : B_2_max of Basic_Stat
loading : B_3_max of Basic_Stat
loading : B_1_max_100days of Period_Basic_Stat
loading : B_2_max_100days of Period_Basic_Stat
loading : B_3_max_100days of Period_Basic_Stat
loading : B_4_max_100days of Period_Basic_Stat
dataframe_info:  458913 rows, 10 features
loading : B_1_last of Basic_Stat
loading : B_2_last of Basic_Stat
loading : B_3_last of Basic_Stat
loading : B_1_max of Basic_Stat
loading : B_2_max of Basic_Stat
loading : B_3_max of Basic_Stat
loading : B_1_max_100days of Period_Basic_Stat
loading : B_2_max_100days of Period_Basic_Stat
loading : B_3_max_100days of Period_Basic_Stat
loading : B_4_max_100days of Period_Basic_Stat
dataframe_info:  458913 rows, 10 features
OOF Score: 0.61106
successfully saved feature names
loading : B_1_last of Basic_Stat
loading : B_2_last of Basic_Stat
loading : B_3_last of Basic_Stat
loading : B_1_max of Basic_Stat
loading : B_2_max of Basic_Stat
loading : B_3_max of Basic_Stat
loading : B_1_max_100days of Period_Basic_Stat
loading : B_2_max_100days of Period_Basic_Stat
loading : B_3_max_100days of Period_Basic_Stat
loading : B_4_max_100days of Period_Basic_Stat
dataframe_info:  458913 rows, 10 features
loading : B_1_last of Basic_Stat
loading : B_2_last of Basic_Stat
loading : B_3_last of Basic_Stat
loading : B_1_max of Basic_Stat
loading : B_2_max of Basic_Stat
loading : B_3_max of Basic_Stat
loading : B_1_max_100days of Period_Basic_Stat
loading : B_2_max_100days of Period_Basic_Stat
loading : B_3_max_100days of Period_Basic_Stat
loading : B_4_max_100days of Period_Basic_Stat
dataframe_info:  458913 rows, 10 features
loading : B_1_last of Basic_Stat
loading : B_2_last of Basic_Stat
loading : B_3_last of Basic_Stat
loading : B_1_max of Basic_Stat
loading : B_2_max of Basic_Stat
loading : B_3_max of Basic_Stat
loading : B_1_max_100days of Period_Basic_Stat
loading : B_2_max_100days of Period_Basic_Stat
loading : B_3_max_100days of Period_Basic_Stat
loading : B_4_max_100days of Period_Basic_Stat
dataframe_info:  458913 rows, 10 features
loading : B_1_last of Basic_Stat
loading : B_2_last of Basic_Stat
loading : B_3_last of Basic_Stat
loading : B_1_max of Basic_Stat
loading : B_2_max of Basic_Stat
loading : B_3_max of Basic_Stat
loading : B_1_max_100days of Period_Basic_Stat
loading : B_2_max_100days of Period_Basic_Stat
loading : B_3_max_100days of Period_Basic_Stat
loading : B_4_max_100days of Period_Basic_Stat
dataframe_info:  458913 rows, 10 features
loading : B_1_last of Basic_Stat
loading : B_2_last of Basic_Stat
loading : B_3_last of Basic_Stat
loading : B_1_max of Basic_Stat
loading : B_2_max of Basic_Stat
loading : B_3_max of Basic_Stat
loading : B_1_max_100days of Period_Basic_Stat
loading : B_2_max_100days of Period_Basic_Stat
loading : B_3_max_100days of Period_Basic_Stat
loading : B_4_max_100days of Period_Basic_Stat
dataframe_info:  458913 rows, 10 features
OOF Score: 0.61106
successfully saved feature names
loading : B_1_last of Basic_Stat
loading : B_2_last of Basic_Stat
loading : B_3_last of Basic_Stat
loading : B_1_max of Basic_Stat
loading : B_2_max of Basic_Stat
loading : B_3_max of Basic_Stat
loading : B_1_max_100days of Period_Basic_Stat
loading : B_2_max_100days of Period_Basic_Stat
loading : B_3_max_100days of Period_Basic_Stat
loading : B_4_max_100days of Period_Basic_Stat
dataframe_info:  458913 rows, 10 features
OOF Score: 0.61106
successfully saved feature names
loading : P_2_mean of Basic_Stat
loading : P_2_std of Basic_Stat
loading : P_2_min of Basic_Stat
loading : P_2_max of Basic_Stat
loading : P_2_last of Basic_Stat
loading : P_2_sum of Basic_Stat
loading : P_2_median of Basic_Stat
loading : D_39_mean of Basic_Stat
loading : D_39_std of Basic_Stat
loading : D_39_min of Basic_Stat
loading : D_39_max of Basic_Stat
loading : D_39_last of Basic_Stat
loading : D_39_sum of Basic_Stat
loading : D_39_median of Basic_Stat
loading : B_1_mean of Basic_Stat
loading : B_1_std of Basic_Stat
loading : B_1_min of Basic_Stat
loading : B_1_max of Basic_Stat
loading : B_1_last of Basic_Stat
loading : B_1_sum of Basic_Stat
loading : B_1_median of Basic_Stat
loading : B_2_mean of Basic_Stat
loading : B_2_std of Basic_Stat
loading : B_2_min of Basic_Stat
loading : B_2_max of Basic_Stat
loading : B_2_last of Basic_Stat
loading : B_2_sum of Basic_Stat
loading : B_2_median of Basic_Stat
loading : R_1_mean of Basic_Stat
loading : R_1_std of Basic_Stat
loading : R_1_min of Basic_Stat
loading : R_1_max of Basic_Stat
loading : R_1_last of Basic_Stat
loading : R_1_sum of Basic_Stat
loading : R_1_median of Basic_Stat
loading : S_3_mean of Basic_Stat
loading : S_3_std of Basic_Stat
loading : S_3_min of Basic_Stat
loading : S_3_max of Basic_Stat
loading : S_3_last of Basic_Stat
loading : S_3_sum of Basic_Stat
loading : S_3_median of Basic_Stat
loading : D_41_mean of Basic_Stat
loading : D_41_std of Basic_Stat
loading : D_41_min of Basic_Stat
loading : D_41_max of Basic_Stat
loading : D_41_last of Basic_Stat
loading : D_41_sum of Basic_Stat
loading : D_41_median of Basic_Stat
loading : B_3_mean of Basic_Stat
loading : B_3_std of Basic_Stat
loading : B_3_min of Basic_Stat
loading : B_3_max of Basic_Stat
loading : B_3_last of Basic_Stat
loading : B_3_sum of Basic_Stat
loading : B_3_median of Basic_Stat
loading : D_42_mean of Basic_Stat
loading : D_42_std of Basic_Stat
loading : D_42_min of Basic_Stat
loading : D_42_max of Basic_Stat
loading : D_42_last of Basic_Stat
loading : D_42_sum of Basic_Stat
loading : D_42_median of Basic_Stat
loading : D_43_mean of Basic_Stat
loading : D_43_std of Basic_Stat
loading : D_43_min of Basic_Stat
loading : D_43_max of Basic_Stat
loading : D_43_last of Basic_Stat
loading : D_43_sum of Basic_Stat
loading : D_43_median of Basic_Stat
loading : D_44_mean of Basic_Stat
loading : D_44_std of Basic_Stat
loading : D_44_min of Basic_Stat
loading : D_44_max of Basic_Stat
loading : D_44_last of Basic_Stat
loading : D_44_sum of Basic_Stat
loading : D_44_median of Basic_Stat
loading : B_4_mean of Basic_Stat
loading : B_4_std of Basic_Stat
loading : B_4_min of Basic_Stat
loading : B_4_max of Basic_Stat
loading : B_4_last of Basic_Stat
loading : B_4_sum of Basic_Stat
loading : B_4_median of Basic_Stat
loading : D_45_mean of Basic_Stat
loading : D_45_std of Basic_Stat
loading : D_45_min of Basic_Stat
loading : D_45_max of Basic_Stat
loading : D_45_last of Basic_Stat
loading : D_45_sum of Basic_Stat
loading : D_45_median of Basic_Stat
loading : B_5_mean of Basic_Stat
loading : B_5_std of Basic_Stat
loading : B_5_min of Basic_Stat
loading : B_5_max of Basic_Stat
loading : B_5_last of Basic_Stat
loading : B_5_sum of Basic_Stat
loading : B_5_median of Basic_Stat
loading : R_2_mean of Basic_Stat
loading : R_2_std of Basic_Stat
loading : R_2_min of Basic_Stat
loading : R_2_max of Basic_Stat
loading : R_2_last of Basic_Stat
loading : R_2_sum of Basic_Stat
loading : R_2_median of Basic_Stat
loading : D_46_mean of Basic_Stat
loading : D_46_std of Basic_Stat
loading : D_46_min of Basic_Stat
loading : D_46_max of Basic_Stat
loading : D_46_last of Basic_Stat
loading : D_46_sum of Basic_Stat
loading : D_46_median of Basic_Stat
loading : D_47_mean of Basic_Stat
loading : D_47_std of Basic_Stat
loading : D_47_min of Basic_Stat
loading : D_47_max of Basic_Stat
loading : D_47_last of Basic_Stat
loading : D_47_sum of Basic_Stat
loading : D_47_median of Basic_Stat
loading : D_48_mean of Basic_Stat
loading : D_48_std of Basic_Stat
loading : D_48_min of Basic_Stat
loading : D_48_max of Basic_Stat
loading : D_48_last of Basic_Stat
loading : D_48_sum of Basic_Stat
loading : D_48_median of Basic_Stat
loading : D_49_mean of Basic_Stat
loading : D_49_std of Basic_Stat
loading : D_49_min of Basic_Stat
loading : D_49_max of Basic_Stat
loading : D_49_last of Basic_Stat
loading : D_49_sum of Basic_Stat
loading : D_49_median of Basic_Stat
loading : B_6_mean of Basic_Stat
loading : B_6_std of Basic_Stat
loading : B_6_min of Basic_Stat
loading : B_6_max of Basic_Stat
loading : B_6_last of Basic_Stat
loading : B_6_sum of Basic_Stat
loading : B_6_median of Basic_Stat
loading : B_7_mean of Basic_Stat
loading : B_7_std of Basic_Stat
loading : B_7_min of Basic_Stat
loading : B_7_max of Basic_Stat
loading : B_7_last of Basic_Stat
loading : B_7_sum of Basic_Stat
loading : B_7_median of Basic_Stat
loading : B_8_mean of Basic_Stat
loading : B_8_std of Basic_Stat
loading : B_8_min of Basic_Stat
loading : B_8_max of Basic_Stat
loading : B_8_last of Basic_Stat
loading : B_8_sum of Basic_Stat
loading : B_8_median of Basic_Stat
loading : D_50_mean of Basic_Stat
loading : D_50_std of Basic_Stat
loading : D_50_min of Basic_Stat
loading : D_50_max of Basic_Stat
loading : D_50_last of Basic_Stat
loading : D_50_sum of Basic_Stat
loading : D_50_median of Basic_Stat
loading : D_51_mean of Basic_Stat
loading : D_51_std of Basic_Stat
loading : D_51_min of Basic_Stat
loading : D_51_max of Basic_Stat
loading : D_51_last of Basic_Stat
loading : D_51_sum of Basic_Stat
loading : D_51_median of Basic_Stat
loading : B_9_mean of Basic_Stat
loading : B_9_std of Basic_Stat
loading : B_9_min of Basic_Stat
loading : B_9_max of Basic_Stat
loading : B_9_last of Basic_Stat
loading : B_9_sum of Basic_Stat
loading : B_9_median of Basic_Stat
loading : R_3_mean of Basic_Stat
loading : R_3_std of Basic_Stat
loading : R_3_min of Basic_Stat
loading : R_3_max of Basic_Stat
loading : R_3_last of Basic_Stat
loading : R_3_sum of Basic_Stat
loading : R_3_median of Basic_Stat
loading : D_52_mean of Basic_Stat
loading : D_52_std of Basic_Stat
loading : D_52_min of Basic_Stat
loading : D_52_max of Basic_Stat
loading : D_52_last of Basic_Stat
loading : D_52_sum of Basic_Stat
loading : D_52_median of Basic_Stat
loading : P_3_mean of Basic_Stat
loading : P_3_std of Basic_Stat
loading : P_3_min of Basic_Stat
loading : P_3_max of Basic_Stat
loading : P_3_last of Basic_Stat
loading : P_3_sum of Basic_Stat
loading : P_3_median of Basic_Stat
loading : B_10_mean of Basic_Stat
loading : B_10_std of Basic_Stat
loading : B_10_min of Basic_Stat
loading : B_10_max of Basic_Stat
loading : B_10_last of Basic_Stat
loading : B_10_sum of Basic_Stat
loading : B_10_median of Basic_Stat
loading : D_53_mean of Basic_Stat
loading : D_53_std of Basic_Stat
loading : D_53_min of Basic_Stat
loading : D_53_max of Basic_Stat
loading : D_53_last of Basic_Stat
loading : D_53_sum of Basic_Stat
loading : D_53_median of Basic_Stat
loading : S_5_mean of Basic_Stat
loading : S_5_std of Basic_Stat
loading : S_5_min of Basic_Stat
loading : S_5_max of Basic_Stat
loading : S_5_last of Basic_Stat
loading : S_5_sum of Basic_Stat
loading : S_5_median of Basic_Stat
loading : B_11_mean of Basic_Stat
loading : B_11_std of Basic_Stat
loading : B_11_min of Basic_Stat
loading : B_11_max of Basic_Stat
loading : B_11_last of Basic_Stat
loading : B_11_sum of Basic_Stat
loading : B_11_median of Basic_Stat
loading : S_6_mean of Basic_Stat
loading : S_6_std of Basic_Stat
loading : S_6_min of Basic_Stat
loading : S_6_max of Basic_Stat
loading : S_6_last of Basic_Stat
loading : S_6_sum of Basic_Stat
loading : S_6_median of Basic_Stat
loading : D_54_mean of Basic_Stat
loading : D_54_std of Basic_Stat
loading : D_54_min of Basic_Stat
loading : D_54_max of Basic_Stat
loading : D_54_last of Basic_Stat
loading : D_54_sum of Basic_Stat
loading : D_54_median of Basic_Stat
loading : R_4_mean of Basic_Stat
loading : R_4_std of Basic_Stat
loading : R_4_min of Basic_Stat
loading : R_4_max of Basic_Stat
loading : R_4_last of Basic_Stat
loading : R_4_sum of Basic_Stat
loading : R_4_median of Basic_Stat
loading : S_7_mean of Basic_Stat
loading : S_7_std of Basic_Stat
loading : S_7_min of Basic_Stat
loading : S_7_max of Basic_Stat
loading : S_7_last of Basic_Stat
loading : S_7_sum of Basic_Stat
loading : S_7_median of Basic_Stat
loading : B_12_mean of Basic_Stat
loading : B_12_std of Basic_Stat
loading : B_12_min of Basic_Stat
loading : B_12_max of Basic_Stat
loading : B_12_last of Basic_Stat
loading : B_12_sum of Basic_Stat
loading : B_12_median of Basic_Stat
loading : S_8_mean of Basic_Stat
loading : S_8_std of Basic_Stat
loading : S_8_min of Basic_Stat
loading : S_8_max of Basic_Stat
loading : S_8_last of Basic_Stat
loading : S_8_sum of Basic_Stat
loading : S_8_median of Basic_Stat
loading : D_55_mean of Basic_Stat
loading : D_55_std of Basic_Stat
loading : D_55_min of Basic_Stat
loading : D_55_max of Basic_Stat
loading : D_55_last of Basic_Stat
loading : D_55_sum of Basic_Stat
loading : D_55_median of Basic_Stat
loading : D_56_mean of Basic_Stat
loading : D_56_std of Basic_Stat
loading : D_56_min of Basic_Stat
loading : D_56_max of Basic_Stat
loading : D_56_last of Basic_Stat
loading : D_56_sum of Basic_Stat
loading : D_56_median of Basic_Stat
loading : B_13_mean of Basic_Stat
loading : B_13_std of Basic_Stat
loading : B_13_min of Basic_Stat
loading : B_13_max of Basic_Stat
loading : B_13_last of Basic_Stat
loading : B_13_sum of Basic_Stat
loading : B_13_median of Basic_Stat
loading : R_5_mean of Basic_Stat
loading : R_5_std of Basic_Stat
loading : R_5_min of Basic_Stat
loading : R_5_max of Basic_Stat
loading : R_5_last of Basic_Stat
loading : R_5_sum of Basic_Stat
loading : R_5_median of Basic_Stat
loading : D_58_mean of Basic_Stat
loading : D_58_std of Basic_Stat
loading : D_58_min of Basic_Stat
loading : D_58_max of Basic_Stat
loading : D_58_last of Basic_Stat
loading : D_58_sum of Basic_Stat
loading : D_58_median of Basic_Stat
loading : S_9_mean of Basic_Stat
loading : S_9_std of Basic_Stat
loading : S_9_min of Basic_Stat
loading : S_9_max of Basic_Stat
loading : S_9_last of Basic_Stat
loading : S_9_sum of Basic_Stat
loading : S_9_median of Basic_Stat
loading : B_14_mean of Basic_Stat
loading : B_14_std of Basic_Stat
loading : B_14_min of Basic_Stat
loading : B_14_max of Basic_Stat
loading : B_14_last of Basic_Stat
loading : B_14_sum of Basic_Stat
loading : B_14_median of Basic_Stat
loading : D_59_mean of Basic_Stat
loading : D_59_std of Basic_Stat
loading : D_59_min of Basic_Stat
loading : D_59_max of Basic_Stat
loading : D_59_last of Basic_Stat
loading : D_59_sum of Basic_Stat
loading : D_59_median of Basic_Stat
loading : D_60_mean of Basic_Stat
loading : D_60_std of Basic_Stat
loading : D_60_min of Basic_Stat
loading : D_60_max of Basic_Stat
loading : D_60_last of Basic_Stat
loading : D_60_sum of Basic_Stat
loading : D_60_median of Basic_Stat
loading : D_61_mean of Basic_Stat
loading : D_61_std of Basic_Stat
loading : D_61_min of Basic_Stat
loading : D_61_max of Basic_Stat
loading : D_61_last of Basic_Stat
loading : D_61_sum of Basic_Stat
loading : D_61_median of Basic_Stat
loading : B_15_mean of Basic_Stat
loading : B_15_std of Basic_Stat
loading : B_15_min of Basic_Stat
loading : B_15_max of Basic_Stat
loading : B_15_last of Basic_Stat
loading : B_15_sum of Basic_Stat
loading : B_15_median of Basic_Stat
loading : S_11_mean of Basic_Stat
loading : S_11_std of Basic_Stat
loading : S_11_min of Basic_Stat
loading : S_11_max of Basic_Stat
loading : S_11_last of Basic_Stat
loading : S_11_sum of Basic_Stat
loading : S_11_median of Basic_Stat
loading : D_62_mean of Basic_Stat
loading : D_62_std of Basic_Stat
loading : D_62_min of Basic_Stat
loading : D_62_max of Basic_Stat
loading : D_62_last of Basic_Stat
loading : D_62_sum of Basic_Stat
loading : D_62_median of Basic_Stat
loading : D_65_mean of Basic_Stat
loading : D_65_std of Basic_Stat
loading : D_65_min of Basic_Stat
loading : D_65_max of Basic_Stat
loading : D_65_last of Basic_Stat
loading : D_65_sum of Basic_Stat
loading : D_65_median of Basic_Stat
loading : B_16_mean of Basic_Stat
loading : B_16_std of Basic_Stat
loading : B_16_min of Basic_Stat
loading : B_16_max of Basic_Stat
loading : B_16_last of Basic_Stat
loading : B_16_sum of Basic_Stat
loading : B_16_median of Basic_Stat
loading : B_17_mean of Basic_Stat
loading : B_17_std of Basic_Stat
loading : B_17_min of Basic_Stat
loading : B_17_max of Basic_Stat
loading : B_17_last of Basic_Stat
loading : B_17_sum of Basic_Stat
loading : B_17_median of Basic_Stat
loading : B_18_mean of Basic_Stat
loading : B_18_std of Basic_Stat
loading : B_18_min of Basic_Stat
loading : B_18_max of Basic_Stat
loading : B_18_last of Basic_Stat
loading : B_18_sum of Basic_Stat
loading : B_18_median of Basic_Stat
loading : B_19_mean of Basic_Stat
loading : B_19_std of Basic_Stat
loading : B_19_min of Basic_Stat
loading : B_19_max of Basic_Stat
loading : B_19_last of Basic_Stat
loading : B_19_sum of Basic_Stat
loading : B_19_median of Basic_Stat
loading : B_20_mean of Basic_Stat
loading : B_20_std of Basic_Stat
loading : B_20_min of Basic_Stat
loading : B_20_max of Basic_Stat
loading : B_20_last of Basic_Stat
loading : B_20_sum of Basic_Stat
loading : B_20_median of Basic_Stat
loading : S_12_mean of Basic_Stat
loading : S_12_std of Basic_Stat
loading : S_12_min of Basic_Stat
loading : S_12_max of Basic_Stat
loading : S_12_last of Basic_Stat
loading : S_12_sum of Basic_Stat
loading : S_12_median of Basic_Stat
loading : R_6_mean of Basic_Stat
loading : R_6_std of Basic_Stat
loading : R_6_min of Basic_Stat
loading : R_6_max of Basic_Stat
loading : R_6_last of Basic_Stat
loading : R_6_sum of Basic_Stat
loading : R_6_median of Basic_Stat
loading : S_13_mean of Basic_Stat
loading : S_13_std of Basic_Stat
loading : S_13_min of Basic_Stat
loading : S_13_max of Basic_Stat
loading : S_13_last of Basic_Stat
loading : S_13_sum of Basic_Stat
loading : S_13_median of Basic_Stat
loading : B_21_mean of Basic_Stat
loading : B_21_std of Basic_Stat
loading : B_21_min of Basic_Stat
loading : B_21_max of Basic_Stat
loading : B_21_last of Basic_Stat
loading : B_21_sum of Basic_Stat
loading : B_21_median of Basic_Stat
loading : D_69_mean of Basic_Stat
loading : D_69_std of Basic_Stat
loading : D_69_min of Basic_Stat
loading : D_69_max of Basic_Stat
loading : D_69_last of Basic_Stat
loading : D_69_sum of Basic_Stat
loading : D_69_median of Basic_Stat
loading : B_22_mean of Basic_Stat
loading : B_22_std of Basic_Stat
loading : B_22_min of Basic_Stat
loading : B_22_max of Basic_Stat
loading : B_22_last of Basic_Stat
loading : B_22_sum of Basic_Stat
loading : B_22_median of Basic_Stat
loading : D_70_mean of Basic_Stat
loading : D_70_std of Basic_Stat
loading : D_70_min of Basic_Stat
loading : D_70_max of Basic_Stat
loading : D_70_last of Basic_Stat
loading : D_70_sum of Basic_Stat
loading : D_70_median of Basic_Stat
loading : D_71_mean of Basic_Stat
loading : D_71_std of Basic_Stat
loading : D_71_min of Basic_Stat
loading : D_71_max of Basic_Stat
loading : D_71_last of Basic_Stat
loading : D_71_sum of Basic_Stat
loading : D_71_median of Basic_Stat
loading : D_72_mean of Basic_Stat
loading : D_72_std of Basic_Stat
loading : D_72_min of Basic_Stat
loading : D_72_max of Basic_Stat
loading : D_72_last of Basic_Stat
loading : D_72_sum of Basic_Stat
loading : D_72_median of Basic_Stat
loading : S_15_mean of Basic_Stat
loading : S_15_std of Basic_Stat
loading : S_15_min of Basic_Stat
loading : S_15_max of Basic_Stat
loading : S_15_last of Basic_Stat
loading : S_15_sum of Basic_Stat
loading : S_15_median of Basic_Stat
loading : B_23_mean of Basic_Stat
loading : B_23_std of Basic_Stat
loading : B_23_min of Basic_Stat
loading : B_23_max of Basic_Stat
loading : B_23_last of Basic_Stat
loading : B_23_sum of Basic_Stat
loading : B_23_median of Basic_Stat
loading : D_73_mean of Basic_Stat
loading : D_73_std of Basic_Stat
loading : D_73_min of Basic_Stat
loading : D_73_max of Basic_Stat
loading : D_73_last of Basic_Stat
loading : D_73_sum of Basic_Stat
loading : D_73_median of Basic_Stat
loading : P_4_mean of Basic_Stat
loading : P_4_std of Basic_Stat
loading : P_4_min of Basic_Stat
loading : P_4_max of Basic_Stat
loading : P_4_last of Basic_Stat
loading : P_4_sum of Basic_Stat
loading : P_4_median of Basic_Stat
loading : D_74_mean of Basic_Stat
loading : D_74_std of Basic_Stat
loading : D_74_min of Basic_Stat
loading : D_74_max of Basic_Stat
loading : D_74_last of Basic_Stat
loading : D_74_sum of Basic_Stat
loading : D_74_median of Basic_Stat
loading : D_75_mean of Basic_Stat
loading : D_75_std of Basic_Stat
loading : D_75_min of Basic_Stat
loading : D_75_max of Basic_Stat
loading : D_75_last of Basic_Stat
loading : D_75_sum of Basic_Stat
loading : D_75_median of Basic_Stat
loading : D_76_mean of Basic_Stat
loading : D_76_std of Basic_Stat
loading : D_76_min of Basic_Stat
loading : D_76_max of Basic_Stat
loading : D_76_last of Basic_Stat
loading : D_76_sum of Basic_Stat
loading : D_76_median of Basic_Stat
loading : B_24_mean of Basic_Stat
loading : B_24_std of Basic_Stat
loading : B_24_min of Basic_Stat
loading : B_24_max of Basic_Stat
loading : B_24_last of Basic_Stat
loading : B_24_sum of Basic_Stat
loading : B_24_median of Basic_Stat
loading : R_7_mean of Basic_Stat
loading : R_7_std of Basic_Stat
loading : R_7_min of Basic_Stat
loading : R_7_max of Basic_Stat
loading : R_7_last of Basic_Stat
loading : R_7_sum of Basic_Stat
loading : R_7_median of Basic_Stat
loading : D_77_mean of Basic_Stat
loading : D_77_std of Basic_Stat
loading : D_77_min of Basic_Stat
loading : D_77_max of Basic_Stat
loading : D_77_last of Basic_Stat
loading : D_77_sum of Basic_Stat
loading : D_77_median of Basic_Stat
loading : B_25_mean of Basic_Stat
loading : B_25_std of Basic_Stat
loading : B_25_min of Basic_Stat
loading : B_25_max of Basic_Stat
loading : B_25_last of Basic_Stat
loading : B_25_sum of Basic_Stat
loading : B_25_median of Basic_Stat
loading : B_26_mean of Basic_Stat
loading : B_26_std of Basic_Stat
loading : B_26_min of Basic_Stat
loading : B_26_max of Basic_Stat
loading : B_26_last of Basic_Stat
loading : B_26_sum of Basic_Stat
loading : B_26_median of Basic_Stat
loading : D_78_mean of Basic_Stat
loading : D_78_std of Basic_Stat
loading : D_78_min of Basic_Stat
loading : D_78_max of Basic_Stat
loading : D_78_last of Basic_Stat
loading : D_78_sum of Basic_Stat
loading : D_78_median of Basic_Stat
loading : D_79_mean of Basic_Stat
loading : D_79_std of Basic_Stat
loading : D_79_min of Basic_Stat
loading : D_79_max of Basic_Stat
loading : D_79_last of Basic_Stat
loading : D_79_sum of Basic_Stat
loading : D_79_median of Basic_Stat
loading : R_8_mean of Basic_Stat
loading : R_8_std of Basic_Stat
loading : R_8_min of Basic_Stat
loading : R_8_max of Basic_Stat
loading : R_8_last of Basic_Stat
loading : R_8_sum of Basic_Stat
loading : R_8_median of Basic_Stat
loading : R_9_mean of Basic_Stat
loading : R_9_std of Basic_Stat
loading : R_9_min of Basic_Stat
loading : R_9_max of Basic_Stat
loading : R_9_last of Basic_Stat
loading : R_9_sum of Basic_Stat
loading : R_9_median of Basic_Stat
loading : S_16_mean of Basic_Stat
loading : S_16_std of Basic_Stat
loading : S_16_min of Basic_Stat
loading : S_16_max of Basic_Stat
loading : S_16_last of Basic_Stat
loading : S_16_sum of Basic_Stat
loading : S_16_median of Basic_Stat
loading : D_80_mean of Basic_Stat
loading : D_80_std of Basic_Stat
loading : D_80_min of Basic_Stat
loading : D_80_max of Basic_Stat
loading : D_80_last of Basic_Stat
loading : D_80_sum of Basic_Stat
loading : D_80_median of Basic_Stat
loading : R_10_mean of Basic_Stat
loading : R_10_std of Basic_Stat
loading : R_10_min of Basic_Stat
loading : R_10_max of Basic_Stat
loading : R_10_last of Basic_Stat
loading : R_10_sum of Basic_Stat
loading : R_10_median of Basic_Stat
loading : R_11_mean of Basic_Stat
loading : R_11_std of Basic_Stat
loading : R_11_min of Basic_Stat
loading : R_11_max of Basic_Stat
loading : R_11_last of Basic_Stat
loading : R_11_sum of Basic_Stat
loading : R_11_median of Basic_Stat
loading : B_27_mean of Basic_Stat
loading : B_27_std of Basic_Stat
loading : B_27_min of Basic_Stat
loading : B_27_max of Basic_Stat
loading : B_27_last of Basic_Stat
loading : B_27_sum of Basic_Stat
loading : B_27_median of Basic_Stat
loading : D_81_mean of Basic_Stat
loading : D_81_std of Basic_Stat
loading : D_81_min of Basic_Stat
loading : D_81_max of Basic_Stat
loading : D_81_last of Basic_Stat
loading : D_81_sum of Basic_Stat
loading : D_81_median of Basic_Stat
loading : D_82_mean of Basic_Stat
loading : D_82_std of Basic_Stat
loading : D_82_min of Basic_Stat
loading : D_82_max of Basic_Stat
loading : D_82_last of Basic_Stat
loading : D_82_sum of Basic_Stat
loading : D_82_median of Basic_Stat
loading : S_17_mean of Basic_Stat
loading : S_17_std of Basic_Stat
loading : S_17_min of Basic_Stat
loading : S_17_max of Basic_Stat
loading : S_17_last of Basic_Stat
loading : S_17_sum of Basic_Stat
loading : S_17_median of Basic_Stat
loading : R_12_mean of Basic_Stat
loading : R_12_std of Basic_Stat
loading : R_12_min of Basic_Stat
loading : R_12_max of Basic_Stat
loading : R_12_last of Basic_Stat
loading : R_12_sum of Basic_Stat
loading : R_12_median of Basic_Stat
loading : B_28_mean of Basic_Stat
loading : B_28_std of Basic_Stat
loading : B_28_min of Basic_Stat
loading : B_28_max of Basic_Stat
loading : B_28_last of Basic_Stat
loading : B_28_sum of Basic_Stat
loading : B_28_median of Basic_Stat
loading : R_13_mean of Basic_Stat
loading : R_13_std of Basic_Stat
loading : R_13_min of Basic_Stat
loading : R_13_max of Basic_Stat
loading : R_13_last of Basic_Stat
loading : R_13_sum of Basic_Stat
loading : R_13_median of Basic_Stat
loading : D_83_mean of Basic_Stat
loading : D_83_std of Basic_Stat
loading : D_83_min of Basic_Stat
loading : D_83_max of Basic_Stat
loading : D_83_last of Basic_Stat
loading : D_83_sum of Basic_Stat
loading : D_83_median of Basic_Stat
loading : R_14_mean of Basic_Stat
loading : R_14_std of Basic_Stat
loading : R_14_min of Basic_Stat
loading : R_14_max of Basic_Stat
loading : R_14_last of Basic_Stat
loading : R_14_sum of Basic_Stat
loading : R_14_median of Basic_Stat
loading : R_15_mean of Basic_Stat
loading : R_15_std of Basic_Stat
loading : R_15_min of Basic_Stat
loading : R_15_max of Basic_Stat
loading : R_15_last of Basic_Stat
loading : R_15_sum of Basic_Stat
loading : R_15_median of Basic_Stat
loading : D_84_mean of Basic_Stat
loading : D_84_std of Basic_Stat
loading : D_84_min of Basic_Stat
loading : D_84_max of Basic_Stat
loading : D_84_last of Basic_Stat
loading : D_84_sum of Basic_Stat
loading : D_84_median of Basic_Stat
loading : R_16_mean of Basic_Stat
loading : R_16_std of Basic_Stat
loading : R_16_min of Basic_Stat
loading : R_16_max of Basic_Stat
loading : R_16_last of Basic_Stat
loading : R_16_sum of Basic_Stat
loading : R_16_median of Basic_Stat
loading : B_29_mean of Basic_Stat
loading : B_29_std of Basic_Stat
loading : B_29_min of Basic_Stat
loading : B_29_max of Basic_Stat
loading : B_29_last of Basic_Stat
loading : B_29_sum of Basic_Stat
loading : B_29_median of Basic_Stat
loading : S_18_mean of Basic_Stat
loading : S_18_std of Basic_Stat
loading : S_18_min of Basic_Stat
loading : S_18_max of Basic_Stat
loading : S_18_last of Basic_Stat
loading : S_18_sum of Basic_Stat
loading : S_18_median of Basic_Stat
loading : D_86_mean of Basic_Stat
loading : D_86_std of Basic_Stat
loading : D_86_min of Basic_Stat
loading : D_86_max of Basic_Stat
loading : D_86_last of Basic_Stat
loading : D_86_sum of Basic_Stat
loading : D_86_median of Basic_Stat
loading : D_87_mean of Basic_Stat
loading : D_87_std of Basic_Stat
loading : D_87_min of Basic_Stat
loading : D_87_max of Basic_Stat
loading : D_87_last of Basic_Stat
loading : D_87_sum of Basic_Stat
loading : D_87_median of Basic_Stat
loading : R_17_mean of Basic_Stat
loading : R_17_std of Basic_Stat
loading : R_17_min of Basic_Stat
loading : R_17_max of Basic_Stat
loading : R_17_last of Basic_Stat
loading : R_17_sum of Basic_Stat
loading : R_17_median of Basic_Stat
loading : R_18_mean of Basic_Stat
loading : R_18_std of Basic_Stat
loading : R_18_min of Basic_Stat
loading : R_18_max of Basic_Stat
loading : R_18_last of Basic_Stat
loading : R_18_sum of Basic_Stat
loading : R_18_median of Basic_Stat
loading : D_88_mean of Basic_Stat
loading : D_88_std of Basic_Stat
loading : D_88_min of Basic_Stat
loading : D_88_max of Basic_Stat
loading : D_88_last of Basic_Stat
loading : D_88_sum of Basic_Stat
loading : D_88_median of Basic_Stat
loading : B_31_mean of Basic_Stat
loading : B_31_std of Basic_Stat
loading : B_31_min of Basic_Stat
loading : B_31_max of Basic_Stat
loading : B_31_last of Basic_Stat
loading : B_31_sum of Basic_Stat
loading : B_31_median of Basic_Stat
loading : S_19_mean of Basic_Stat
loading : S_19_std of Basic_Stat
loading : S_19_min of Basic_Stat
loading : S_19_max of Basic_Stat
loading : S_19_last of Basic_Stat
loading : S_19_sum of Basic_Stat
loading : S_19_median of Basic_Stat
loading : R_19_mean of Basic_Stat
loading : R_19_std of Basic_Stat
loading : R_19_min of Basic_Stat
loading : R_19_max of Basic_Stat
loading : R_19_last of Basic_Stat
loading : R_19_sum of Basic_Stat
loading : R_19_median of Basic_Stat
loading : B_32_mean of Basic_Stat
loading : B_32_std of Basic_Stat
loading : B_32_min of Basic_Stat
loading : B_32_max of Basic_Stat
loading : B_32_last of Basic_Stat
loading : B_32_sum of Basic_Stat
loading : B_32_median of Basic_Stat
loading : S_20_mean of Basic_Stat
loading : S_20_std of Basic_Stat
loading : S_20_min of Basic_Stat
loading : S_20_max of Basic_Stat
loading : S_20_last of Basic_Stat
loading : S_20_sum of Basic_Stat
loading : S_20_median of Basic_Stat
loading : R_20_mean of Basic_Stat
loading : R_20_std of Basic_Stat
loading : R_20_min of Basic_Stat
loading : R_20_max of Basic_Stat
loading : R_20_last of Basic_Stat
loading : R_20_sum of Basic_Stat
loading : R_20_median of Basic_Stat
loading : R_21_mean of Basic_Stat
loading : R_21_std of Basic_Stat
loading : R_21_min of Basic_Stat
loading : R_21_max of Basic_Stat
loading : R_21_last of Basic_Stat
loading : R_21_sum of Basic_Stat
loading : R_21_median of Basic_Stat
loading : B_33_mean of Basic_Stat
loading : B_33_std of Basic_Stat
loading : B_33_min of Basic_Stat
loading : B_33_max of Basic_Stat
loading : B_33_last of Basic_Stat
loading : B_33_sum of Basic_Stat
loading : B_33_median of Basic_Stat
loading : D_89_mean of Basic_Stat
loading : D_89_std of Basic_Stat
loading : D_89_min of Basic_Stat
loading : D_89_max of Basic_Stat
loading : D_89_last of Basic_Stat
loading : D_89_sum of Basic_Stat
loading : D_89_median of Basic_Stat
loading : R_22_mean of Basic_Stat
loading : R_22_std of Basic_Stat
loading : R_22_min of Basic_Stat
loading : R_22_max of Basic_Stat
loading : R_22_last of Basic_Stat
loading : R_22_sum of Basic_Stat
loading : R_22_median of Basic_Stat
loading : R_23_mean of Basic_Stat
loading : R_23_std of Basic_Stat
loading : R_23_min of Basic_Stat
loading : R_23_max of Basic_Stat
loading : R_23_last of Basic_Stat
loading : R_23_sum of Basic_Stat
loading : R_23_median of Basic_Stat
loading : D_91_mean of Basic_Stat
loading : D_91_std of Basic_Stat
loading : D_91_min of Basic_Stat
loading : D_91_max of Basic_Stat
loading : D_91_last of Basic_Stat
loading : D_91_sum of Basic_Stat
loading : D_91_median of Basic_Stat
loading : D_92_mean of Basic_Stat
loading : D_92_std of Basic_Stat
loading : D_92_min of Basic_Stat
loading : D_92_max of Basic_Stat
loading : D_92_last of Basic_Stat
loading : D_92_sum of Basic_Stat
loading : D_92_median of Basic_Stat
loading : D_93_mean of Basic_Stat
loading : D_93_std of Basic_Stat
loading : D_93_min of Basic_Stat
loading : D_93_max of Basic_Stat
loading : D_93_last of Basic_Stat
loading : D_93_sum of Basic_Stat
loading : D_93_median of Basic_Stat
loading : D_94_mean of Basic_Stat
loading : D_94_std of Basic_Stat
loading : D_94_min of Basic_Stat
loading : D_94_max of Basic_Stat
loading : D_94_last of Basic_Stat
loading : D_94_sum of Basic_Stat
loading : D_94_median of Basic_Stat
loading : R_24_mean of Basic_Stat
loading : R_24_std of Basic_Stat
loading : R_24_min of Basic_Stat
loading : R_24_max of Basic_Stat
loading : R_24_last of Basic_Stat
loading : R_24_sum of Basic_Stat
loading : R_24_median of Basic_Stat
loading : R_25_mean of Basic_Stat
loading : R_25_std of Basic_Stat
loading : R_25_min of Basic_Stat
loading : R_25_max of Basic_Stat
loading : R_25_last of Basic_Stat
loading : R_25_sum of Basic_Stat
loading : R_25_median of Basic_Stat
loading : D_96_mean of Basic_Stat
loading : D_96_std of Basic_Stat
loading : D_96_min of Basic_Stat
loading : D_96_max of Basic_Stat
loading : D_96_last of Basic_Stat
loading : D_96_sum of Basic_Stat
loading : D_96_median of Basic_Stat
loading : S_22_mean of Basic_Stat
loading : S_22_std of Basic_Stat
loading : S_22_min of Basic_Stat
loading : S_22_max of Basic_Stat
loading : S_22_last of Basic_Stat
loading : S_22_sum of Basic_Stat
loading : S_22_median of Basic_Stat
loading : S_23_mean of Basic_Stat
loading : S_23_std of Basic_Stat
loading : S_23_min of Basic_Stat
loading : S_23_max of Basic_Stat
loading : S_23_last of Basic_Stat
loading : S_23_sum of Basic_Stat
loading : S_23_median of Basic_Stat
loading : S_24_mean of Basic_Stat
loading : S_24_std of Basic_Stat
loading : S_24_min of Basic_Stat
loading : S_24_max of Basic_Stat
loading : S_24_last of Basic_Stat
loading : S_24_sum of Basic_Stat
loading : S_24_median of Basic_Stat
loading : S_25_mean of Basic_Stat
loading : S_25_std of Basic_Stat
loading : S_25_min of Basic_Stat
loading : S_25_max of Basic_Stat
loading : S_25_last of Basic_Stat
loading : S_25_sum of Basic_Stat
loading : S_25_median of Basic_Stat
loading : S_26_mean of Basic_Stat
loading : S_26_std of Basic_Stat
loading : S_26_min of Basic_Stat
loading : S_26_max of Basic_Stat
loading : S_26_last of Basic_Stat
loading : S_26_sum of Basic_Stat
loading : S_26_median of Basic_Stat
loading : D_102_mean of Basic_Stat
loading : D_102_std of Basic_Stat
loading : D_102_min of Basic_Stat
loading : D_102_max of Basic_Stat
loading : D_102_last of Basic_Stat
loading : D_102_sum of Basic_Stat
loading : D_102_median of Basic_Stat
loading : D_103_mean of Basic_Stat
loading : D_103_std of Basic_Stat
loading : D_103_min of Basic_Stat
loading : D_103_max of Basic_Stat
loading : D_103_last of Basic_Stat
loading : D_103_sum of Basic_Stat
loading : D_103_median of Basic_Stat
loading : D_104_mean of Basic_Stat
loading : D_104_std of Basic_Stat
loading : D_104_min of Basic_Stat
loading : D_104_max of Basic_Stat
loading : D_104_last of Basic_Stat
loading : D_104_sum of Basic_Stat
loading : D_104_median of Basic_Stat
loading : D_105_mean of Basic_Stat
loading : D_105_std of Basic_Stat
loading : D_105_min of Basic_Stat
loading : D_105_max of Basic_Stat
loading : D_105_last of Basic_Stat
loading : D_105_sum of Basic_Stat
loading : D_105_median of Basic_Stat
loading : D_106_mean of Basic_Stat
loading : D_106_std of Basic_Stat
loading : D_106_min of Basic_Stat
loading : D_106_max of Basic_Stat
loading : D_106_last of Basic_Stat
loading : D_106_sum of Basic_Stat
loading : D_106_median of Basic_Stat
loading : D_107_mean of Basic_Stat
loading : D_107_std of Basic_Stat
loading : D_107_min of Basic_Stat
loading : D_107_max of Basic_Stat
loading : D_107_last of Basic_Stat
loading : D_107_sum of Basic_Stat
loading : D_107_median of Basic_Stat
loading : B_36_mean of Basic_Stat
loading : B_36_std of Basic_Stat
loading : B_36_min of Basic_Stat
loading : B_36_max of Basic_Stat
loading : B_36_last of Basic_Stat
loading : B_36_sum of Basic_Stat
loading : B_36_median of Basic_Stat
loading : B_37_mean of Basic_Stat
loading : B_37_std of Basic_Stat
loading : B_37_min of Basic_Stat
loading : B_37_max of Basic_Stat
loading : B_37_last of Basic_Stat
loading : B_37_sum of Basic_Stat
loading : B_37_median of Basic_Stat
loading : R_26_mean of Basic_Stat
loading : R_26_std of Basic_Stat
loading : R_26_min of Basic_Stat
loading : R_26_max of Basic_Stat
loading : R_26_last of Basic_Stat
loading : R_26_sum of Basic_Stat
loading : R_26_median of Basic_Stat
loading : R_27_mean of Basic_Stat
loading : R_27_std of Basic_Stat
loading : R_27_min of Basic_Stat
loading : R_27_max of Basic_Stat
loading : R_27_last of Basic_Stat
loading : R_27_sum of Basic_Stat
loading : R_27_median of Basic_Stat
loading : D_108_mean of Basic_Stat
loading : D_108_std of Basic_Stat
loading : D_108_min of Basic_Stat
loading : D_108_max of Basic_Stat
loading : D_108_last of Basic_Stat
loading : D_108_sum of Basic_Stat
loading : D_108_median of Basic_Stat
loading : D_109_mean of Basic_Stat
loading : D_109_std of Basic_Stat
loading : D_109_min of Basic_Stat
loading : D_109_max of Basic_Stat
loading : D_109_last of Basic_Stat
loading : D_109_sum of Basic_Stat
loading : D_109_median of Basic_Stat
loading : D_110_mean of Basic_Stat
loading : D_110_std of Basic_Stat
loading : D_110_min of Basic_Stat
loading : D_110_max of Basic_Stat
loading : D_110_last of Basic_Stat
loading : D_110_sum of Basic_Stat
loading : D_110_median of Basic_Stat
loading : D_111_mean of Basic_Stat
loading : D_111_std of Basic_Stat
loading : D_111_min of Basic_Stat
loading : D_111_max of Basic_Stat
loading : D_111_last of Basic_Stat
loading : D_111_sum of Basic_Stat
loading : D_111_median of Basic_Stat
loading : B_39_mean of Basic_Stat
loading : B_39_std of Basic_Stat
loading : B_39_min of Basic_Stat
loading : B_39_max of Basic_Stat
loading : B_39_last of Basic_Stat
loading : B_39_sum of Basic_Stat
loading : B_39_median of Basic_Stat
loading : D_112_mean of Basic_Stat
loading : D_112_std of Basic_Stat
loading : D_112_min of Basic_Stat
loading : D_112_max of Basic_Stat
loading : D_112_last of Basic_Stat
loading : D_112_sum of Basic_Stat
loading : D_112_median of Basic_Stat
loading : B_40_mean of Basic_Stat
loading : B_40_std of Basic_Stat
loading : B_40_min of Basic_Stat
loading : B_40_max of Basic_Stat
loading : B_40_last of Basic_Stat
loading : B_40_sum of Basic_Stat
loading : B_40_median of Basic_Stat
loading : S_27_mean of Basic_Stat
loading : S_27_std of Basic_Stat
loading : S_27_min of Basic_Stat
loading : S_27_max of Basic_Stat
loading : S_27_last of Basic_Stat
loading : S_27_sum of Basic_Stat
loading : S_27_median of Basic_Stat
loading : D_113_mean of Basic_Stat
loading : D_113_std of Basic_Stat
loading : D_113_min of Basic_Stat
loading : D_113_max of Basic_Stat
loading : D_113_last of Basic_Stat
loading : D_113_sum of Basic_Stat
loading : D_113_median of Basic_Stat
loading : D_115_mean of Basic_Stat
loading : D_115_std of Basic_Stat
loading : D_115_min of Basic_Stat
loading : D_115_max of Basic_Stat
loading : D_115_last of Basic_Stat
loading : D_115_sum of Basic_Stat
loading : D_115_median of Basic_Stat
loading : D_118_mean of Basic_Stat
loading : D_118_std of Basic_Stat
loading : D_118_min of Basic_Stat
loading : D_118_max of Basic_Stat
loading : D_118_last of Basic_Stat
loading : D_118_sum of Basic_Stat
loading : D_118_median of Basic_Stat
loading : D_119_mean of Basic_Stat
loading : D_119_std of Basic_Stat
loading : D_119_min of Basic_Stat
loading : D_119_max of Basic_Stat
loading : D_119_last of Basic_Stat
loading : D_119_sum of Basic_Stat
loading : D_119_median of Basic_Stat
loading : D_121_mean of Basic_Stat
loading : D_121_std of Basic_Stat
loading : D_121_min of Basic_Stat
loading : D_121_max of Basic_Stat
loading : D_121_last of Basic_Stat
loading : D_121_sum of Basic_Stat
loading : D_121_median of Basic_Stat
loading : D_122_mean of Basic_Stat
loading : D_122_std of Basic_Stat
loading : D_122_min of Basic_Stat
loading : D_122_max of Basic_Stat
loading : D_122_last of Basic_Stat
loading : D_122_sum of Basic_Stat
loading : D_122_median of Basic_Stat
loading : D_123_mean of Basic_Stat
loading : D_123_std of Basic_Stat
loading : D_123_min of Basic_Stat
loading : D_123_max of Basic_Stat
loading : D_123_last of Basic_Stat
loading : D_123_sum of Basic_Stat
loading : D_123_median of Basic_Stat
loading : D_124_mean of Basic_Stat
loading : D_124_std of Basic_Stat
loading : D_124_min of Basic_Stat
loading : D_124_max of Basic_Stat
loading : D_124_last of Basic_Stat
loading : D_124_sum of Basic_Stat
loading : D_124_median of Basic_Stat
loading : D_125_mean of Basic_Stat
loading : D_125_std of Basic_Stat
loading : D_125_min of Basic_Stat
loading : D_125_max of Basic_Stat
loading : D_125_last of Basic_Stat
loading : D_125_sum of Basic_Stat
loading : D_125_median of Basic_Stat
loading : D_127_mean of Basic_Stat
loading : D_127_std of Basic_Stat
loading : D_127_min of Basic_Stat
loading : D_127_max of Basic_Stat
loading : D_127_last of Basic_Stat
loading : D_127_sum of Basic_Stat
loading : D_127_median of Basic_Stat
loading : D_128_mean of Basic_Stat
loading : D_128_std of Basic_Stat
loading : D_128_min of Basic_Stat
loading : D_128_max of Basic_Stat
loading : D_128_last of Basic_Stat
loading : D_128_sum of Basic_Stat
loading : D_128_median of Basic_Stat
loading : D_129_mean of Basic_Stat
loading : D_129_std of Basic_Stat
loading : D_129_min of Basic_Stat
loading : D_129_max of Basic_Stat
loading : D_129_last of Basic_Stat
loading : D_129_sum of Basic_Stat
loading : D_129_median of Basic_Stat
loading : B_41_mean of Basic_Stat
loading : B_41_std of Basic_Stat
loading : B_41_min of Basic_Stat
loading : B_41_max of Basic_Stat
loading : B_41_last of Basic_Stat
loading : B_41_sum of Basic_Stat
loading : B_41_median of Basic_Stat
loading : B_42_mean of Basic_Stat
loading : B_42_std of Basic_Stat
loading : B_42_min of Basic_Stat
loading : B_42_max of Basic_Stat
loading : B_42_last of Basic_Stat
loading : B_42_sum of Basic_Stat
loading : B_42_median of Basic_Stat
loading : D_130_mean of Basic_Stat
loading : D_130_std of Basic_Stat
loading : D_130_min of Basic_Stat
loading : D_130_max of Basic_Stat
loading : D_130_last of Basic_Stat
loading : D_130_sum of Basic_Stat
loading : D_130_median of Basic_Stat
loading : D_131_mean of Basic_Stat
loading : D_131_std of Basic_Stat
loading : D_131_min of Basic_Stat
loading : D_131_max of Basic_Stat
loading : D_131_last of Basic_Stat
loading : D_131_sum of Basic_Stat
loading : D_131_median of Basic_Stat
loading : D_132_mean of Basic_Stat
loading : D_132_std of Basic_Stat
loading : D_132_min of Basic_Stat
loading : D_132_max of Basic_Stat
loading : D_132_last of Basic_Stat
loading : D_132_sum of Basic_Stat
loading : D_132_median of Basic_Stat
loading : D_133_mean of Basic_Stat
loading : D_133_std of Basic_Stat
loading : D_133_min of Basic_Stat
loading : D_133_max of Basic_Stat
loading : D_133_last of Basic_Stat
loading : D_133_sum of Basic_Stat
loading : D_133_median of Basic_Stat
loading : R_28_mean of Basic_Stat
loading : R_28_std of Basic_Stat
loading : R_28_min of Basic_Stat
loading : R_28_max of Basic_Stat
loading : R_28_last of Basic_Stat
loading : R_28_sum of Basic_Stat
loading : R_28_median of Basic_Stat
loading : D_134_mean of Basic_Stat
loading : D_134_std of Basic_Stat
loading : D_134_min of Basic_Stat
loading : D_134_max of Basic_Stat
loading : D_134_last of Basic_Stat
loading : D_134_sum of Basic_Stat
loading : D_134_median of Basic_Stat
loading : D_135_mean of Basic_Stat
loading : D_135_std of Basic_Stat
loading : D_135_min of Basic_Stat
loading : D_135_max of Basic_Stat
loading : D_135_last of Basic_Stat
loading : D_135_sum of Basic_Stat
loading : D_135_median of Basic_Stat
loading : D_136_mean of Basic_Stat
loading : D_136_std of Basic_Stat
loading : D_136_min of Basic_Stat
loading : D_136_max of Basic_Stat
loading : D_136_last of Basic_Stat
loading : D_136_sum of Basic_Stat
loading : D_136_median of Basic_Stat
loading : D_137_mean of Basic_Stat
loading : D_137_std of Basic_Stat
loading : D_137_min of Basic_Stat
loading : D_137_max of Basic_Stat
loading : D_137_last of Basic_Stat
loading : D_137_sum of Basic_Stat
loading : D_137_median of Basic_Stat
loading : D_138_mean of Basic_Stat
loading : D_138_std of Basic_Stat
loading : D_138_min of Basic_Stat
loading : D_138_max of Basic_Stat
loading : D_138_last of Basic_Stat
loading : D_138_sum of Basic_Stat
loading : D_138_median of Basic_Stat
loading : D_139_mean of Basic_Stat
loading : D_139_std of Basic_Stat
loading : D_139_min of Basic_Stat
loading : D_139_max of Basic_Stat
loading : D_139_last of Basic_Stat
loading : D_139_sum of Basic_Stat
loading : D_139_median of Basic_Stat
loading : D_140_mean of Basic_Stat
loading : D_140_std of Basic_Stat
loading : D_140_min of Basic_Stat
loading : D_140_max of Basic_Stat
loading : D_140_last of Basic_Stat
loading : D_140_sum of Basic_Stat
loading : D_140_median of Basic_Stat
loading : D_141_mean of Basic_Stat
loading : D_141_std of Basic_Stat
loading : D_141_min of Basic_Stat
loading : D_141_max of Basic_Stat
loading : D_141_last of Basic_Stat
loading : D_141_sum of Basic_Stat
loading : D_141_median of Basic_Stat
loading : D_142_mean of Basic_Stat
loading : D_142_std of Basic_Stat
loading : D_142_min of Basic_Stat
loading : D_142_max of Basic_Stat
loading : D_142_last of Basic_Stat
loading : D_142_sum of Basic_Stat
loading : D_142_median of Basic_Stat
loading : D_143_mean of Basic_Stat
loading : D_143_std of Basic_Stat
loading : D_143_min of Basic_Stat
loading : D_143_max of Basic_Stat
loading : D_143_last of Basic_Stat
loading : D_143_sum of Basic_Stat
loading : D_143_median of Basic_Stat
loading : D_144_mean of Basic_Stat
loading : D_144_std of Basic_Stat
loading : D_144_min of Basic_Stat
loading : D_144_max of Basic_Stat
loading : D_144_last of Basic_Stat
loading : D_144_sum of Basic_Stat
loading : D_144_median of Basic_Stat
loading : D_145_mean of Basic_Stat
loading : D_145_std of Basic_Stat
loading : D_145_min of Basic_Stat
loading : D_145_max of Basic_Stat
loading : D_145_last of Basic_Stat
loading : D_145_sum of Basic_Stat
loading : D_145_median of Basic_Stat
loading : B_30_count of Basic_Stat
loading : B_30_last of Basic_Stat
loading : B_30_nunique of Basic_Stat
loading : B_38_count of Basic_Stat
loading : B_38_last of Basic_Stat
loading : B_38_nunique of Basic_Stat
loading : D_114_count of Basic_Stat
loading : D_114_last of Basic_Stat
loading : D_114_nunique of Basic_Stat
loading : D_116_count of Basic_Stat
loading : D_116_last of Basic_Stat
loading : D_116_nunique of Basic_Stat
loading : D_117_count of Basic_Stat
loading : D_117_last of Basic_Stat
loading : D_117_nunique of Basic_Stat
loading : D_120_count of Basic_Stat
loading : D_120_last of Basic_Stat
loading : D_120_nunique of Basic_Stat
loading : D_126_count of Basic_Stat
loading : D_126_last of Basic_Stat
loading : D_126_nunique of Basic_Stat
loading : D_63_count of Basic_Stat
loading : D_63_last of Basic_Stat
loading : D_63_nunique of Basic_Stat
loading : D_64_count of Basic_Stat
loading : D_64_last of Basic_Stat
loading : D_64_nunique of Basic_Stat
loading : D_66_count of Basic_Stat
loading : D_66_last of Basic_Stat
loading : D_66_nunique of Basic_Stat
loading : D_68_count of Basic_Stat
loading : D_68_last of Basic_Stat
loading : D_68_nunique of Basic_Stat
dataframe_info:  458913 rows, 1272 features
OOF Score: 0.78688
successfully saved feature names
