dataframe_info:  458913 rows, 1273 features
[ TRAINING PARAMS ]
==============================
objective : binary
metric : binary_logloss
boosting : dart
seed : 42
num_leaves : 100
learning_rate : 0.01
feature_fraction : 0.2
bagging_freq : 10
bagging_fraction : 0.5
n_jobs : -1
lambda_l2 : 2
min_data_in_leaf' : 40
n_estimators : 10000
==============================
dataframe_info:  458913 rows, 1273 features
[ TRAINING PARAMS ]
==============================
objective : binary
metric : binary_logloss
boosting : dart
seed : 42
num_leaves : 100
learning_rate : 0.01
feature_fraction : 0.2
bagging_freq : 10
bagging_fraction : 0.5
n_jobs : -1
lambda_l2 : 2
min_data_in_leaf' : 40
n_estimators : 10000
==============================
dataframe_info:  458913 rows, 1273 features
[ TRAINING PARAMS ]
==============================
objective : binary
metric : binary_logloss
boosting : dart
seed : 42
num_leaves : 100
learning_rate : 0.01
feature_fraction : 0.2
bagging_freq : 10
bagging_fraction : 0.5
n_jobs : -1
lambda_l2 : 2
min_data_in_leaf' : 40
n_estimators : 10000
==============================
dataframe_info:  458913 rows, 1273 features
[ TRAINING PARAMS ]
==============================
objective : binary
metric : binary_logloss
boosting : dart
seed : 42
num_leaves : 100
learning_rate : 0.01
feature_fraction : 0.2
bagging_freq : 10
bagging_fraction : 0.5
n_jobs : -1
lambda_l2 : 2
min_data_in_leaf' : 40
n_estimators : 10000
==============================
dataframe_info:  458913 rows, 1273 features
[ TRAINING PARAMS ]
==============================
objective : binary
metric : binary_logloss
boosting : dart
seed : 42
num_leaves : 100
learning_rate : 0.01
feature_fraction : 0.2
bagging_freq : 10
bagging_fraction : 0.5
n_jobs : -1
lambda_l2 : 2
min_data_in_leaf' : 40
n_estimators : 10000
==============================
dataframe_info:  458913 rows, 1420 features
[ TRAINING PARAMS ]
==============================
objective : binary
metric : binary_logloss
boosting : dart
seed : 42
num_leaves : 100
learning_rate : 0.01
feature_fraction : 0.2
bagging_freq : 10
bagging_fraction : 0.5
n_jobs : -1
lambda_l2 : 2
min_data_in_leaf' : 40
n_estimators : 10000
==============================
dataframe_info:  458913 rows, 1511 features
[ TRAINING PARAMS ]
==============================
objective : binary
metric : binary_logloss
boosting : dart
seed : 42
num_leaves : 100
learning_rate : 0.01
feature_fraction : 0.2
bagging_freq : 10
bagging_fraction : 0.5
n_jobs : -1
lambda_l2 : 2
min_data_in_leaf' : 40
n_estimators : 10000
==============================
==============================
OOFs Info
threshold 0.9  True:43547 False:415366
threshold 0.8  True:67799 False:391114
threshold 0.7  True:86985 False:371928
threshold 0.6  True:103221 False:355692
threshold 0.5  True:118042 False:340871
==============================
OOF Score: 0.79667
successfully saved feature names
