dataframe_info:  458913 rows, 1500 features
[ TRAINING PARAMS ]
==============================
objective : binary
metric : custom
n_estimators : 10000
early_stopping_round : 3000
seed : 42
boosting : dart
learning_rate : 0.01
force_col_wise : True
lambda_l1 : 1.3885802713402106e-05
lambda_l2 : 0.0004756476873944631
num_leaves : 146
feature_fraction : 0.3783431043783493
bagging_fraction : 0.6030244532351853
bagging_freq : 4
max_depth : 8
min_child_samples : 352
==============================
==============================
OOFs Info
threshold 0.9  True:45241 False:413672
threshold 0.8  True:68555 False:390358
threshold 0.7  True:87044 False:371869
threshold 0.6  True:103030 False:355883
threshold 0.5  True:117767 False:341146
==============================
OOF Score: 0.79724
successfully saved feature names
