dataframe_info:  458913 rows, 5326 features
[ TRAINING PARAMS ]
==============================
objective : binary
metric : binary_logloss
boosting : dart
seed : 42
num_leaves : 100
learning_rate : 0.01
feature_fraction : 0.2
bagging_freq : 10
bagging_fraction : 0.5
n_jobs : -1
lambda_l2 : 2
min_data_in_leaf' : 40
n_estimators : 10000
==============================
dataframe_info:  458913 rows, 5326 features
[ TRAINING PARAMS ]
==============================
objective : binary
metric : binary_logloss
boosting : dart
seed : 42
num_leaves : 100
learning_rate : 0.01
feature_fraction : 0.2
bagging_freq : 10
bagging_fraction : 0.5
n_jobs : -1
lambda_l2 : 2
min_data_in_leaf' : 40
n_estimators : 10000
==============================
==============================
OOFs Info
threshold 0.9  True:43840 False:415073
threshold 0.8  True:68123 False:390790
threshold 0.7  True:87177 False:371736
threshold 0.6  True:103139 False:355774
threshold 0.5  True:117981 False:340932
==============================
OOF Score: 0.79769
successfully saved feature names
