dataframe_info:  458913 rows, 1273 features
used categorical_features : ['B_30_last', 'B_38_last', 'D_114_last', 'D_116_last', 'D_117_last', 'D_120_last', 'D_126_last', 'D_63_last', 'D_64_last', 'D_66_last', 'D_68_last']
dataframe_info:  458913 rows, 1273 features
used categorical_features : ['B_30_last', 'B_38_last', 'D_114_last', 'D_116_last', 'D_117_last', 'D_120_last', 'D_126_last', 'D_63_last', 'D_64_last', 'D_66_last', 'D_68_last']
dataframe_info:  458913 rows, 1273 features
used categorical_features : ['B_30_last', 'B_38_last', 'D_114_last', 'D_116_last', 'D_117_last', 'D_120_last', 'D_126_last', 'D_63_last', 'D_64_last', 'D_66_last', 'D_68_last']
dataframe_info:  458913 rows, 1273 features
used categorical_features : ['B_30_last', 'B_38_last', 'D_114_last', 'D_116_last', 'D_117_last', 'D_120_last', 'D_126_last', 'D_63_last', 'D_64_last', 'D_66_last', 'D_68_last']
dataframe_info:  458913 rows, 1273 features
used categorical_features : ['B_30_last', 'B_38_last', 'D_114_last', 'D_116_last', 'D_117_last', 'D_120_last', 'D_126_last', 'D_63_last', 'D_64_last', 'D_66_last', 'D_68_last']
dataframe_info:  458913 rows, 1273 features
used categorical_features : ['B_30_last', 'B_38_last', 'D_114_last', 'D_116_last', 'D_117_last', 'D_120_last', 'D_126_last', 'D_63_last', 'D_64_last', 'D_66_last', 'D_68_last']
[ TRAINING PARAMS ]
==============================
max_depth : 4
learning_rate : 0.05
subsample : 0.8
colsample_bytree : 0.6
eval_metric : logloss
objective : binary:logistic
tree_method : gpu_hist
predictor : gpu_predictor
random_state : 42
==============================
dataframe_info:  458913 rows, 1273 features
used categorical_features : ['B_30_last', 'B_38_last', 'D_114_last', 'D_116_last', 'D_117_last', 'D_120_last', 'D_126_last', 'D_63_last', 'D_64_last', 'D_66_last', 'D_68_last']
dataframe_info:  458913 rows, 1273 features
used categorical_features : ['B_30_last', 'B_38_last', 'D_114_last', 'D_116_last', 'D_117_last', 'D_120_last', 'D_126_last', 'D_63_last', 'D_64_last', 'D_66_last', 'D_68_last']
[ TRAINING PARAMS ]
==============================
max_depth : 4
learning_rate : 0.05
subsample : 0.8
colsample_bytree : 0.6
eval_metric : logloss
objective : binary:logistic
tree_method : gpu_hist
predictor : gpu_predictor
random_state : 42
==============================
dataframe_info:  458913 rows, 1273 features
used categorical_features : ['B_30_last', 'B_38_last', 'D_114_last', 'D_116_last', 'D_117_last', 'D_120_last', 'D_126_last', 'D_63_last', 'D_64_last', 'D_66_last', 'D_68_last']
dataframe_info:  458913 rows, 1273 features
used categorical_features : ['B_30_last', 'B_38_last', 'D_114_last', 'D_116_last', 'D_117_last', 'D_120_last', 'D_126_last', 'D_63_last', 'D_64_last', 'D_66_last', 'D_68_last']
[ TRAINING PARAMS ]
==============================
max_depth : 4
learning_rate : 0.05
subsample : 0.8
colsample_bytree : 0.6
eval_metric : logloss
objective : binary:logistic
tree_method : gpu_hist
predictor : gpu_predictor
enable_categorical : True
random_state : 42
==============================
dataframe_info:  458913 rows, 1273 features
used categorical_features : ['B_30_last', 'B_38_last', 'D_114_last', 'D_116_last', 'D_117_last', 'D_120_last', 'D_126_last', 'D_63_last', 'D_64_last', 'D_66_last', 'D_68_last']
dataframe_info:  458913 rows, 1273 features
used categorical_features : ['B_30_last', 'B_38_last', 'D_114_last', 'D_116_last', 'D_117_last', 'D_120_last', 'D_126_last', 'D_63_last', 'D_64_last', 'D_66_last', 'D_68_last']
[ TRAINING PARAMS ]
==============================
max_depth : 4
learning_rate : 0.05
subsample : 0.8
colsample_bytree : 0.6
eval_metric : logloss
objective : binary:logistic
tree_method : gpu_hist
predictor : gpu_predictor
enable_categorical : True
random_state : 42
==============================
dataframe_info:  458913 rows, 1273 features
used categorical_features : ['B_30_last', 'B_38_last', 'D_114_last', 'D_116_last', 'D_117_last', 'D_120_last', 'D_126_last', 'D_63_last', 'D_64_last', 'D_66_last', 'D_68_last']
dataframe_info:  458913 rows, 1273 features
used categorical_features : ['B_30_last', 'B_38_last', 'D_114_last', 'D_116_last', 'D_117_last', 'D_120_last', 'D_126_last', 'D_63_last', 'D_64_last', 'D_66_last', 'D_68_last']
[ TRAINING PARAMS ]
==============================
max_depth : 4
learning_rate : 0.05
subsample : 0.8
colsample_bytree : 0.6
eval_metric : logloss
objective : binary:logistic
tree_method : gpu_hist
predictor : gpu_predictor
enable_categorical : True
random_state : 42
==============================
dataframe_info:  458913 rows, 1273 features
used categorical_features : ['B_30_last', 'B_38_last', 'D_114_last', 'D_116_last', 'D_117_last', 'D_120_last', 'D_126_last', 'D_63_last', 'D_64_last', 'D_66_last', 'D_68_last']
dataframe_info:  458913 rows, 1273 features
used categorical_features : ['B_30_last', 'B_38_last', 'D_114_last', 'D_116_last', 'D_117_last', 'D_120_last', 'D_126_last', 'D_63_last', 'D_64_last', 'D_66_last', 'D_68_last']
[ TRAINING PARAMS ]
==============================
max_depth : 4
learning_rate : 0.05
subsample : 0.8
colsample_bytree : 0.6
eval_metric : logloss
objective : binary:logistic
tree_method : gpu_hist
predictor : gpu_predictor
enable_categorical : True
random_state : 42
==============================
dataframe_info:  458913 rows, 1273 features
used categorical_features : ['B_30_last', 'B_38_last', 'D_114_last', 'D_116_last', 'D_117_last', 'D_120_last', 'D_126_last', 'D_63_last', 'D_64_last', 'D_66_last', 'D_68_last']
dataframe_info:  458913 rows, 1273 features
used categorical_features : ['B_30_last', 'B_38_last', 'D_114_last', 'D_116_last', 'D_117_last', 'D_120_last', 'D_126_last', 'D_63_last', 'D_64_last', 'D_66_last', 'D_68_last']
[ TRAINING PARAMS ]
==============================
max_depth : 4
learning_rate : 0.05
subsample : 0.8
colsample_bytree : 0.6
eval_metric : logloss
objective : binary:logistic
tree_method : gpu_hist
predictor : gpu_predictor
enable_categorical : True
random_state : 42
==============================
dataframe_info:  458913 rows, 1273 features
used categorical_features : ['B_30_last', 'B_38_last', 'D_114_last', 'D_116_last', 'D_117_last', 'D_120_last', 'D_126_last', 'D_63_last', 'D_64_last', 'D_66_last', 'D_68_last']
dataframe_info:  458913 rows, 1273 features
used categorical_features : ['B_30_last', 'B_38_last', 'D_114_last', 'D_116_last', 'D_117_last', 'D_120_last', 'D_126_last', 'D_63_last', 'D_64_last', 'D_66_last', 'D_68_last']
[ TRAINING PARAMS ]
==============================
max_depth : 4
learning_rate : 0.05
subsample : 0.8
colsample_bytree : 0.6
eval_metric : logloss
objective : binary:logistic
tree_method : gpu_hist
predictor : gpu_predictor
enable_categorical : True
random_state : 42
==============================
dataframe_info:  458913 rows, 1273 features
used categorical_features : ['B_30_last', 'B_38_last', 'D_114_last', 'D_116_last', 'D_117_last', 'D_120_last', 'D_126_last', 'D_63_last', 'D_64_last', 'D_66_last', 'D_68_last']
dataframe_info:  458913 rows, 1273 features
used categorical_features : ['B_30_last', 'B_38_last', 'D_114_last', 'D_116_last', 'D_117_last', 'D_120_last', 'D_126_last', 'D_63_last', 'D_64_last', 'D_66_last', 'D_68_last']
[ TRAINING PARAMS ]
==============================
max_depth : 4
learning_rate : 0.05
subsample : 0.8
colsample_bytree : 0.6
eval_metric : logloss
objective : binary:logistic
enable_categorical : True
random_state : 42
==============================
dataframe_info:  458913 rows, 101 features
used categorical_features : ['B_38_last']
dataframe_info:  458913 rows, 101 features
used categorical_features : ['B_38_last']
[ TRAINING PARAMS ]
==============================
max_depth : 4
learning_rate : 0.05
subsample : 0.8
colsample_bytree : 0.6
eval_metric : logloss
objective : binary:logistic
enable_categorical : True
random_state : 42
==============================
dataframe_info:  458913 rows, 101 features
used categorical_features : ['B_38_last']
dataframe_info:  458913 rows, 101 features
used categorical_features : ['B_38_last']
[ TRAINING PARAMS ]
==============================
max_depth : 4
learning_rate : 0.05
subsample : 0.8
colsample_bytree : 0.6
eval_metric : logloss
objective : binary:logistic
enable_categorical : True
random_state : 42
==============================
dataframe_info:  458913 rows, 101 features
used categorical_features : ['B_38_last']
dataframe_info:  458913 rows, 101 features
used categorical_features : ['B_38_last']
[ TRAINING PARAMS ]
==============================
max_depth : 4
learning_rate : 0.05
subsample : 0.8
colsample_bytree : 0.6
eval_metric : logloss
objective : binary:logistic
enable_categorical : True
random_state : 42
==============================
dataframe_info:  458913 rows, 101 features
used categorical_features : ['B_38_last']
dataframe_info:  458913 rows, 101 features
used categorical_features : ['B_38_last']
[ TRAINING PARAMS ]
==============================
max_depth : 4
learning_rate : 0.05
subsample : 0.8
colsample_bytree : 0.6
eval_metric : logloss
objective : binary:logistic
enable_categorical : True
random_state : 42
==============================
dataframe_info:  458913 rows, 101 features
used categorical_features : ['B_38_last']
dataframe_info:  458913 rows, 101 features
used categorical_features : ['B_38_last']
[ TRAINING PARAMS ]
==============================
max_depth : 4
learning_rate : 0.05
subsample : 0.8
colsample_bytree : 0.6
eval_metric : logloss
objective : binary:logistic
tree_method : gpu_hist
enable_categorical : True
random_state : 42
==============================
dataframe_info:  458913 rows, 101 features
used categorical_features : ['B_38_last']
dataframe_info:  458913 rows, 101 features
used categorical_features : ['B_38_last']
[ TRAINING PARAMS ]
==============================
max_depth : 4
learning_rate : 0.05
subsample : 0.8
colsample_bytree : 0.6
eval_metric : logloss
objective : binary:logistic
tree_method : hist
enable_categorical : True
random_state : 42
==============================
dataframe_info:  458913 rows, 101 features
used categorical_features : ['B_38_last']
dataframe_info:  458913 rows, 101 features
used categorical_features : ['B_38_last']
[ TRAINING PARAMS ]
==============================
max_depth : 4
learning_rate : 0.05
subsample : 0.8
colsample_bytree : 0.6
eval_metric : logloss
objective : binary:logistic
tree_method : gpu_hist
enable_categorical : True
random_state : 42
==============================
dataframe_info:  458913 rows, 101 features
used categorical_features : ['B_38_last']
dataframe_info:  458913 rows, 101 features
used categorical_features : ['B_38_last']
[ TRAINING PARAMS ]
==============================
max_depth : 4
learning_rate : 0.05
subsample : 0.8
colsample_bytree : 0.6
eval_metric : logloss
objective : binary:logistic
tree_method : gpu_hist
enable_categorical : True
random_state : 42
==============================
dataframe_info:  458913 rows, 101 features
used categorical_features : ['B_38_last']
dataframe_info:  458913 rows, 101 features
used categorical_features : ['B_38_last']
[ TRAINING PARAMS ]
==============================
max_depth : 4
learning_rate : 0.05
subsample : 0.8
colsample_bytree : 0.6
eval_metric : logloss
objective : binary:logistic
tree_method : gpu_hist
enable_categorical : True
random_state : 42
==============================
dataframe_info:  458913 rows, 2 features
used categorical_features : ['B_30_last']
dataframe_info:  458913 rows, 2 features
used categorical_features : ['B_30_last']
[ TRAINING PARAMS ]
==============================
max_depth : 4
learning_rate : 0.05
subsample : 0.8
colsample_bytree : 0.6
eval_metric : logloss
objective : binary:logistic
tree_method : gpu_hist
enable_categorical : True
random_state : 42
==============================
dataframe_info:  458913 rows, 101 features
used categorical_features : ['B_38_last']
dataframe_info:  458913 rows, 101 features
used categorical_features : ['B_38_last']
[ TRAINING PARAMS ]
==============================
max_depth : 4
learning_rate : 0.05
subsample : 0.8
colsample_bytree : 0.6
eval_metric : logloss
objective : binary:logistic
tree_method : gpu_hist
enable_categorical : True
random_state : 42
==============================
dataframe_info:  458913 rows, 2 features
used categorical_features : []
dataframe_info:  458913 rows, 2 features
used categorical_features : []
[ TRAINING PARAMS ]
==============================
max_depth : 4
learning_rate : 0.05
subsample : 0.8
colsample_bytree : 0.6
eval_metric : logloss
objective : binary:logistic
tree_method : gpu_hist
enable_categorical : True
random_state : 42
==============================
dataframe_info:  458913 rows, 101 features
used categorical_features : ['B_38_last']
dataframe_info:  458913 rows, 101 features
used categorical_features : ['B_38_last']
[ TRAINING PARAMS ]
==============================
max_depth : 4
learning_rate : 0.05
subsample : 0.8
colsample_bytree : 0.6
eval_metric : logloss
objective : binary:logistic
tree_method : gpu_hist
enable_categorical : True
random_state : 42
==============================
dataframe_info:  458913 rows, 101 features
used categorical_features : ['B_38_last']
dataframe_info:  458913 rows, 101 features
used categorical_features : ['B_38_last']
[ TRAINING PARAMS ]
==============================
max_depth : 4
learning_rate : 0.05
subsample : 0.8
colsample_bytree : 0.6
eval_metric : logloss
objective : binary:logistic
tree_method : gpu_hist
enable_categorical : True
random_state : 42
==============================
