dataframe_info:  458913 rows, 1000 features
[ TRAINING PARAMS ]
==============================
objective : binary
metric : custom
n_estimators : 10000
early_stopping_round : 3000
seed : 42
boosting : dart
learning_rate : 0.01
force_col_wise : True
lambda_l1 : 1.3885802713402106e-05
lambda_l2 : 0.0004756476873944631
num_leaves : 146
feature_fraction : 0.3783431043783493
bagging_fraction : 0.6030244532351853
bagging_freq : 4
max_depth : 8
min_child_samples : 352
==============================
==============================
OOFs Info
threshold 0.9  True:44905 False:414008
threshold 0.8  True:68272 False:390641
threshold 0.7  True:86985 False:371928
threshold 0.6  True:102994 False:355919
threshold 0.5  True:117663 False:341250
==============================
OOF Score: 0.79602
successfully saved feature names
