dataframe_info:  458913 rows, 301 features
[ TRAINING PARAMS ]
==============================
objective : binary
metric : binary_logloss
boosting : dart
seed : 42
num_leaves : 100
learning_rate : 0.01
feature_fraction : 0.2
bagging_freq : 10
bagging_fraction : 0.5
n_jobs : -1
lambda_l2 : 2
min_data_in_leaf' : 40
n_estimators : 10000
==============================
==============================
OOFs Info
threshold 0.9  True:43313 False:415600
threshold 0.8  True:67374 False:391539
threshold 0.7  True:86395 False:372518
threshold 0.6  True:102871 False:356042
threshold 0.5  True:117838 False:341075
==============================
OOF Score: 0.79257
successfully saved feature names
