dataframe_info:  458913 rows, 3935 features
used categorical_features : ['B_30_last', 'B_38_last', 'D_114_last', 'D_116_last', 'D_117_last', 'D_120_last', 'D_126_last', 'D_63_last', 'D_64_last', 'D_66_last', 'D_68_last']
dataframe_info:  458913 rows, 3935 features
used categorical_features : ['B_30_last', 'B_38_last', 'D_114_last', 'D_116_last', 'D_117_last', 'D_120_last', 'D_126_last', 'D_63_last', 'D_64_last', 'D_66_last', 'D_68_last']
[ TRAINING PARAMS ]
==============================
n_estimators : 10000
early_stopping_rounds : 500
eval_metric : logloss
objective : binary:logistic
booster : gbtree
learning_rate : 0.01
tree_method : gpu_hist
predictor : gpu_predictor
enable_categorical : True
random_state : 42
max_depth : 4
subsample : 0.8
colsample_bytree : 0.6
==============================
dataframe_info:  458913 rows, 3935 features
used categorical_features : ['B_30_last', 'B_38_last', 'D_114_last', 'D_116_last', 'D_117_last', 'D_120_last', 'D_126_last', 'D_63_last', 'D_64_last', 'D_66_last', 'D_68_last']
dataframe_info:  458913 rows, 3935 features
used categorical_features : ['B_30_last', 'B_38_last', 'D_114_last', 'D_116_last', 'D_117_last', 'D_120_last', 'D_126_last', 'D_63_last', 'D_64_last', 'D_66_last', 'D_68_last']
[ TRAINING PARAMS ]
==============================
n_estimators : 10000
early_stopping_rounds : 500
eval_metric : logloss
objective : binary:logistic
booster : gbtree
learning_rate : 0.01
tree_method : gpu_hist
predictor : gpu_predictor
enable_categorical : True
random_state : 42
max_depth : 4
subsample : 0.8
colsample_bytree : 0.6
==============================
